  Building Custom Rule C:/Users/iamvf/Desktop/assimp5_binaries_ubuntu_16_04/assimp-5.0.1/code/CMakeLists.txt
  Assimp.cpp
  CInterfaceIOWrapper.cpp
  BaseImporter.cpp
  BaseProcess.cpp
  PostStepRegistry.cpp
  ImporterRegistry.cpp
  DefaultIOStream.cpp
  DefaultIOSystem.cpp
  ZipArchiveIOSystem.cpp
  Importer.cpp
  SGSpatialSort.cpp
  VertexTriangleAdjacency.cpp
  SpatialSort.cpp
  SceneCombiner.cpp
  ScenePreprocessor.cpp
  SkeletonMeshBuilder.cpp
  SplitByBoneCountProcess.cpp
  StandardShapes.cpp
  TargetAnimation.cpp
  RemoveComments.cpp
  Subdivision.cpp
  scene.cpp
  Bitmap.cpp
  Version.cpp
  CreateAnimMesh.cpp
  simd.cpp
  DefaultLogger.cpp
  CalcTangentsProcess.cpp
  ComputeUVMappingProcess.cpp
  ConvertToLHProcess.cpp
  EmbedTexturesProcess.cpp
  FindDegenerates.cpp
  FindInstancesProcess.cpp
  FindInvalidDataProcess.cpp
  FixNormalsStep.cpp
  DropFaceNormalsProcess.cpp
  GenFaceNormalsProcess.cpp
  GenVertexNormalsProcess.cpp
  PretransformVertices.cpp
  ImproveCacheLocality.cpp
  JoinVerticesProcess.cpp
  LimitBoneWeightsProcess.cpp
  RemoveRedundantMaterials.cpp
  RemoveVCProcess.cpp
  SortByPTypeProcess.cpp
  SplitLargeMeshes.cpp
  TextureTransform.cpp
  TriangulateProcess.cpp
  ValidateDataStructure.cpp
  OptimizeGraph.cpp
  OptimizeMeshes.cpp
  DeboneProcess.cpp
  ProcessHelper.cpp
  MakeVerboseFormat.cpp
  ScaleProcess.cpp
  GenBoundingBoxesProcess.cpp
  MaterialSystem.cpp
  STEPFileReader.cpp
C:\Users\iamvf\Desktop\assimp5_binaries_ubuntu_16_04\assimp-5.0.1\code\Material\MaterialSystem.cpp(508,40): warning C4267: '=': conversion from 'size_t' to 'ai_uint32', possible loss of data
  STEPFileEncoding.cpp
  AMFImporter.cpp
  AMFImporter_Geometry.cpp
  AMFImporter_Material.cpp
  AMFImporter_Postprocess.cpp
  3DSConverter.cpp
  3DSLoader.cpp
  ACLoader.cpp
  ASELoader.cpp
  ASEParser.cpp
  AssbinLoader.cpp
  B3DImporter.cpp
  BVHLoader.cpp
  ColladaLoader.cpp
  ColladaParser.cpp
C:\Users\iamvf\Desktop\assimp5_binaries_ubuntu_16_04\assimp-5.0.1\code\Collada\ColladaLoader.cpp(1857,33): warning C4244: '=': conversion from 'ptrdiff_t' to 'ai_uint32', possible loss of data
  DXFLoader.cpp
  CSMLoader.cpp
C:\Users\iamvf\Desktop\assimp5_binaries_ubuntu_16_04\assimp-5.0.1\code\CSM\CSMLoader.cpp(181,77): warning C4267: '=': conversion from 'size_t' to 'ai_uint32', possible loss of data
  HMPLoader.cpp
  IRRMeshLoader.cpp
  IRRShared.cpp
  IRRLoader.cpp
  LWOAnimation.cpp
  LWOBLoader.cpp
  LWOLoader.cpp
  LWOMaterial.cpp
  LWSLoader.cpp
  MD2Loader.cpp
  MD3Loader.cpp
  MD5Loader.cpp
  MD5Parser.cpp
  MDCLoader.cpp
  MDLLoader.cpp
C:\Users\iamvf\Desktop\assimp5_binaries_ubuntu_16_04\assimp-5.0.1\code\MDL\MDLLoader.cpp(1556,46): warning C4267: '=': conversion from 'size_t' to 'ai_uint32', possible loss of data
  MDLMaterialLoader.cpp
C:\Users\iamvf\Desktop\assimp5_binaries_ubuntu_16_04\assimp-5.0.1\code\MDL\MDLMaterialLoader.cpp(544,29): warning C4267: '=': conversion from 'size_t' to 'ai_uint32', possible loss of data
C:\Users\iamvf\Desktop\assimp5_binaries_ubuntu_16_04\assimp-5.0.1\code\MDL\MDLMaterialLoader.cpp(713,29): warning C4267: '=': conversion from 'size_t' to 'ai_uint32', possible loss of data
C:\Users\iamvf\Desktop\assimp5_binaries_ubuntu_16_04\assimp-5.0.1\code\MDL\MDLMaterialLoader.cpp(834,46): warning C4267: '=': conversion from 'size_t' to 'ai_uint32', possible loss of data
  NFFLoader.cpp
  NDOLoader.cpp
  OFFLoader.cpp
  ObjFileImporter.cpp
  ObjFileMtlImporter.cpp
  ObjFileParser.cpp
  OgreImporter.cpp
  OgreStructs.cpp
  OgreBinarySerializer.cpp
  OgreXmlSerializer.cpp
  OgreMaterial.cpp
  OpenGEXImporter.cpp
  PlyLoader.cpp
  PlyParser.cpp
  MS3DLoader.cpp
  COBLoader.cpp
  BlenderLoader.cpp
  BlenderDNA.cpp
  BlenderScene.cpp
  BlenderModifier.cpp
  BlenderBMesh.cpp
  BlenderTessellator.cpp
  BlenderCustomData.cpp
  IFCLoader.cpp
  IFCReaderGen1_2x3.cpp
  IFCReaderGen2_2x3.cpp
  IFCUtil.cpp
  IFCGeometry.cpp
  IFCMaterial.cpp
  IFCProfile.cpp
  IFCCurve.cpp
  IFCBoolean.cpp
  IFCOpenings.cpp
  XGLLoader.cpp
  FBXImporter.cpp
  FBXParser.cpp
  FBXTokenizer.cpp
  FBXConverter.cpp
  FBXUtil.cpp
  FBXDocument.cpp
  FBXProperties.cpp
  FBXMeshGeometry.cpp
  FBXMaterial.cpp
  FBXModel.cpp
  FBXAnimation.cpp
  FBXNodeAttribute.cpp
  FBXDeformer.cpp
  FBXBinaryTokenizer.cpp
  FBXDocumentUtil.cpp
  Q3DLoader.cpp
  Q3BSPFileParser.cpp
  Q3BSPFileImporter.cpp
C:\Users\iamvf\Desktop\assimp5_binaries_ubuntu_16_04\assimp-5.0.1\code\Q3BSP\Q3BSPFileImporter.cpp(619,46): warning C4267: '=': conversion from 'size_t' to 'ai_uint32', possible loss of data
  RawLoader.cpp
  SIBImporter.cpp
  SMDLoader.cpp
C:\Users\iamvf\Desktop\assimp5_binaries_ubuntu_16_04\assimp-5.0.1\code\SMD\SMDLoader.cpp(619,55): warning C4267: '=': conversion from 'size_t' to 'ai_uint32', possible loss of data
  STLLoader.cpp
  TerragenLoader.cpp
  UnrealLoader.cpp
  XFileImporter.cpp
C:\Users\iamvf\Desktop\assimp5_binaries_ubuntu_16_04\assimp-5.0.1\code\Unreal\UnrealLoader.cpp(406,36): warning C4267: '=': conversion from 'size_t' to 'ai_uint32', possible loss of data
C:\Users\iamvf\Desktop\assimp5_binaries_ubuntu_16_04\assimp-5.0.1\code\X\XFileImporter.cpp(214,47): warning C4267: '=': conversion from 'size_t' to 'ai_uint32', possible loss of data
  XFileParser.cpp
  X3DImporter.cpp
  X3DImporter_Geometry2D.cpp
  X3DImporter_Geometry3D.cpp
  X3DImporter_Group.cpp
  X3DImporter_Light.cpp
  X3DImporter_Metadata.cpp
  X3DImporter_Networking.cpp
  X3DImporter_Postprocess.cpp
  X3DImporter_Rendering.cpp
  X3DImporter_Shape.cpp
  X3DImporter_Texturing.cpp
  FIReader.cpp
  X3DVocabulary.cpp
  glTFCommon.cpp
  glTFImporter.cpp
C:\Users\iamvf\Desktop\assimp5_binaries_ubuntu_16_04\assimp-5.0.1\code\glTF\glTFAssetWriter.inl(323,5): warning C4065: switch statement contains 'default' but no 'case' labels (compiling source file C:\Users\iamvf\Desktop\assimp5_binaries_ubuntu_16_04\assimp-5.0.1\code\glTF\glTFImporter.cpp)
  glTF2Importer.cpp
  D3MFImporter.cpp
  D3MFOpcPackage.cpp
  MMDImporter.cpp
  MMDPmxParser.cpp
  StepFileImporter.cpp
  StepFileGen1.cpp
  StepFileGen2.cpp
  StepFileGen3.cpp
     Creating library C:/Users/iamvf/Desktop/assimp5_binaries_ubuntu_16_04/assimp-5.0.1/build_windows10/code/Release/assimp-vc142-mt.lib and object C:/Users/iamvf/Desktop/assimp5_binaries_ubuntu_16_04/assimp-5.0.1/build_windows10/code/Release/assimp-vc142-mt.exp
  assimp.vcxproj -> C:\Users\iamvf\Desktop\assimp5_binaries_ubuntu_16_04\assimp-5.0.1\build_windows10\code\Release\assimp-vc142-mt.dll
